0 0 0
0 0 0
0 0 0
0 0 0
0 -1 9
0 -2 18
0 -3 27
0 -4 39
0 -5 51
0 -6 63
0 -7 75
0 -8 87
0 -9 99
0 -10 111
0 -11 123
0 -12 135
0 -13 147
0 -14 159
0 -15 171
0 -16 183
0 -17 195
0 -18 207
0 -19 219
0 -20 231
0 -21 243
0 -22 255
0 -23 267
0 -24 279
0 -25 291
0 -26 303
0 -27 315
0 -28 327
0 -29 339
0 -30 351
0 -31 363
0 -32 375
0 -33 387
0 -34 399
0 -35 411
0 -36 423
0 -37 435
0 -38 447
0 -39 459
0 -40 471
0 -41 483
0 -42 495
0 -43 507
0 -44 519
0 -45 531
0 -46 543
0 -47 555
0 -48 567
0 -49 579
0 -50 591
0 -51 603
0 -52 615
0 -53 627
0 -54 639
0 -55 651
0 -56 663
0 -57 675
0 -58 687
0 -59 699
0 -60 711
0 -61 723
0 -62 735
0 -63 747
0 -64 759
0 -65 771
0 -66 783
0 -67 795
0 -68 807
0 -69 819
0 -70 831
0 -71 843
0 -72 855
0 -73 867
0 -74 879
0 -75 891
0 -76 903
0 -77 915
0 -78 927
0 -79 939
0 -80 951
0 -81 963
0 -82 975
0 -83 987
0 -84 999
0 -85 1011
0 -86 1023
0 -87 1035
0 -88 1047
0 -89 1059
0 -90 1071
0 -91 1083
0 -92 1095
0 -93 1107
0 -94 1119
0 -95 1131
0 -96 1143
0 -97 1155
0
